<?xml version="1.0" encoding="UTF-8"?>
<!-- Generated by org.testng.reporters.JUnitReportReporter -->
<testsuite skipped="0" hostname="DESKTOP-27L8JE7" name="com.project.SuiteA.TC_001" tests="1" failures="0" timestamp="27 Dec 2019 03:43:07 GMT" time="0.019" errors="0">
  <testcase name="amazon" time="0.019" classname="com.project.SuiteA.TC_001"/>
</testsuite> <!-- com.project.SuiteA.TC_001 -->
